
*** Running vivado
    with args -log webserver_fw_wrapper.vdi -applog -m64 -product Vivado -messageDb vivado.pb -mode batch -source webserver_fw_wrapper.tcl -notrace


****** Vivado v2021.2 (64-bit)
  **** SW Build 3367213 on Tue Oct 19 02:47:39 MDT 2021
  **** IP Build 3369179 on Thu Oct 21 08:25:16 MDT 2021
    ** Copyright 1986-2021 Xilinx, Inc. All Rights Reserved.

source webserver_fw_wrapper.tcl -notrace
INFO: [IP_Flow 19-234] Refreshing IP repositories
INFO: [IP_Flow 19-1704] No user IP repositories specified
INFO: [IP_Flow 19-2313] Loaded Vivado IP repository '/tools/Xilinx/Vivado/2021.2/data/ip'.
Command: link_design -top webserver_fw_wrapper -part xc7z010clg400-1
Design is defaulting to srcset: sources_1
Design is defaulting to constrset: constrs_1
INFO: [Device 21-403] Loading part xc7z010clg400-1
INFO: [Project 1-454] Reading design checkpoint '/home/overlord/ece520/assignments/lab11/hardware/webserver_firmware/webserver_firmware.gen/sources_1/bd/webserver_fw/ip/webserver_fw_processing_system7_0_0/webserver_fw_processing_system7_0_0.dcp' for cell 'webserver_fw_i/processing_system7_0'
Netlist sorting complete. Time (s): cpu = 00:00:00.01 ; elapsed = 00:00:00.01 . Memory (MB): peak = 2758.586 ; gain = 0.000 ; free physical = 8978 ; free virtual = 14428
INFO: [Project 1-479] Netlist was created with Vivado 2021.2
INFO: [Project 1-570] Preparing netlist for logic optimization
Parsing XDC File [/home/overlord/ece520/assignments/lab11/hardware/webserver_firmware/webserver_firmware.gen/sources_1/bd/webserver_fw/ip/webserver_fw_processing_system7_0_0/webserver_fw_processing_system7_0_0.xdc] for cell 'webserver_fw_i/processing_system7_0/inst'
Finished Parsing XDC File [/home/overlord/ece520/assignments/lab11/hardware/webserver_firmware/webserver_firmware.gen/sources_1/bd/webserver_fw/ip/webserver_fw_processing_system7_0_0/webserver_fw_processing_system7_0_0.xdc] for cell 'webserver_fw_i/processing_system7_0/inst'
INFO: [Opt 31-138] Pushed 0 inverter(s) to 0 load pin(s).
Netlist sorting complete. Time (s): cpu = 00:00:00 ; elapsed = 00:00:00 . Memory (MB): peak = 2774.488 ; gain = 0.000 ; free physical = 8873 ; free virtual = 14324
INFO: [Project 1-111] Unisim Transformation Summary:
No Unisim elements were transformed.

9 Infos, 0 Warnings, 0 Critical Warnings and 0 Errors encountered.
link_design completed successfully
link_design: Time (s): cpu = 00:00:11 ; elapsed = 00:00:11 . Memory (MB): peak = 2774.488 ; gain = 16.012 ; free physical = 8873 ; free virtual = 14324
Command: opt_design
Attempting to get a license for feature 'Implementation' and/or device 'xc7z010'
INFO: [Common 17-349] Got license for feature 'Implementation' and/or device 'xc7z010'
Running DRC as a precondition to command opt_design

Starting DRC Task
INFO: [DRC 23-27] Running DRC with 4 threads
INFO: [Project 1-461] DRC finished with 0 Errors
INFO: [Project 1-462] Please refer to the DRC report (report_drc) for more information.

Time (s): cpu = 00:00:02 ; elapsed = 00:00:01 . Memory (MB): peak = 2790.492 ; gain = 16.004 ; free physical = 8866 ; free virtual = 14317

Starting Cache Timing Information Task
INFO: [Timing 38-35] Done setting XDC timing constraints.
Ending Cache Timing Information Task | Checksum: 821e37e1

Time (s): cpu = 00:00:06 ; elapsed = 00:00:07 . Memory (MB): peak = 2790.492 ; gain = 0.000 ; free physical = 8473 ; free virtual = 13937

Starting Logic Optimization Task

Phase 1 Retarget
INFO: [Opt 31-138] Pushed 0 inverter(s) to 0 load pin(s).
INFO: [Opt 31-49] Retargeted 0 cell(s).
Phase 1 Retarget | Checksum: 69a54f26

Time (s): cpu = 00:00:00.03 ; elapsed = 00:00:00.07 . Memory (MB): peak = 2984.602 ; gain = 0.000 ; free physical = 8237 ; free virtual = 13701
INFO: [Opt 31-389] Phase Retarget created 0 cells and removed 24 cells

Phase 2 Constant propagation
INFO: [Opt 31-138] Pushed 0 inverter(s) to 0 load pin(s).
Phase 2 Constant propagation | Checksum: 69a54f26

Time (s): cpu = 00:00:00.03 ; elapsed = 00:00:00.08 . Memory (MB): peak = 2984.602 ; gain = 0.000 ; free physical = 8237 ; free virtual = 13701
INFO: [Opt 31-389] Phase Constant propagation created 0 cells and removed 0 cells

Phase 3 Sweep
Phase 3 Sweep | Checksum: 1157e5166

Time (s): cpu = 00:00:00.12 ; elapsed = 00:00:00.16 . Memory (MB): peak = 2984.602 ; gain = 0.000 ; free physical = 8236 ; free virtual = 13701
INFO: [Opt 31-389] Phase Sweep created 0 cells and removed 0 cells

Phase 4 BUFG optimization
Phase 4 BUFG optimization | Checksum: 1157e5166

Time (s): cpu = 00:00:00.13 ; elapsed = 00:00:00.17 . Memory (MB): peak = 2984.602 ; gain = 0.000 ; free physical = 8236 ; free virtual = 13701
INFO: [Opt 31-662] Phase BUFG optimization created 0 cells of which 0 are BUFGs and removed 0 cells.

Phase 5 Shift Register Optimization
INFO: [Opt 31-1064] SRL Remap converted 0 SRLs to 0 registers and converted 0 registers of register chains to 0 SRLs
Phase 5 Shift Register Optimization | Checksum: 1157e5166

Time (s): cpu = 00:00:00.13 ; elapsed = 00:00:00.17 . Memory (MB): peak = 2984.602 ; gain = 0.000 ; free physical = 8236 ; free virtual = 13701
INFO: [Opt 31-389] Phase Shift Register Optimization created 0 cells and removed 0 cells

Phase 6 Post Processing Netlist
Phase 6 Post Processing Netlist | Checksum: 1157e5166

Time (s): cpu = 00:00:00.13 ; elapsed = 00:00:00.18 . Memory (MB): peak = 2984.602 ; gain = 0.000 ; free physical = 8236 ; free virtual = 13701
INFO: [Opt 31-389] Phase Post Processing Netlist created 0 cells and removed 0 cells
Opt_design Change Summary
=========================


-------------------------------------------------------------------------------------------------------------------------
|  Phase                        |  #Cells created  |  #Cells Removed  |  #Constrained objects preventing optimizations  |
-------------------------------------------------------------------------------------------------------------------------
|  Retarget                     |               0  |              24  |                                              0  |
|  Constant propagation         |               0  |               0  |                                              0  |
|  Sweep                        |               0  |               0  |                                              0  |
|  BUFG optimization            |               0  |               0  |                                              0  |
|  Shift Register Optimization  |               0  |               0  |                                              0  |
|  Post Processing Netlist      |               0  |               0  |                                              0  |
-------------------------------------------------------------------------------------------------------------------------



Starting Connectivity Check Task

Time (s): cpu = 00:00:00 ; elapsed = 00:00:00 . Memory (MB): peak = 2984.602 ; gain = 0.000 ; free physical = 8236 ; free virtual = 13701
Ending Logic Optimization Task | Checksum: f036bdf2

Time (s): cpu = 00:00:00.16 ; elapsed = 00:00:00.20 . Memory (MB): peak = 2984.602 ; gain = 0.000 ; free physical = 8236 ; free virtual = 13701

Starting Power Optimization Task
INFO: [Pwropt 34-132] Skipping clock gating for clocks with a period < 2.00 ns.
Ending Power Optimization Task | Checksum: f036bdf2

Time (s): cpu = 00:00:00 ; elapsed = 00:00:00.01 . Memory (MB): peak = 3002.508 ; gain = 17.906 ; free physical = 8236 ; free virtual = 13700

Starting Final Cleanup Task
Ending Final Cleanup Task | Checksum: f036bdf2

Time (s): cpu = 00:00:00 ; elapsed = 00:00:00 . Memory (MB): peak = 3002.508 ; gain = 0.000 ; free physical = 8236 ; free virtual = 13700

Starting Netlist Obfuscation Task
Netlist sorting complete. Time (s): cpu = 00:00:00 ; elapsed = 00:00:00 . Memory (MB): peak = 3002.508 ; gain = 0.000 ; free physical = 8236 ; free virtual = 13700
Ending Netlist Obfuscation Task | Checksum: f036bdf2

Time (s): cpu = 00:00:00 ; elapsed = 00:00:00 . Memory (MB): peak = 3002.508 ; gain = 0.000 ; free physical = 8236 ; free virtual = 13700
INFO: [Common 17-83] Releasing license: Implementation
26 Infos, 0 Warnings, 0 Critical Warnings and 0 Errors encountered.
opt_design completed successfully
opt_design: Time (s): cpu = 00:00:10 ; elapsed = 00:00:11 . Memory (MB): peak = 3002.508 ; gain = 228.020 ; free physical = 8236 ; free virtual = 13700
INFO: [Timing 38-480] Writing timing data to binary archive.
Writing placer database...
Writing XDEF routing.
Writing XDEF routing logical nets.
Writing XDEF routing special nets.
Write XDEF Complete: Time (s): cpu = 00:00:00.18 ; elapsed = 00:00:00.05 . Memory (MB): peak = 3048.465 ; gain = 5.938 ; free physical = 8225 ; free virtual = 13692
INFO: [Common 17-1381] The checkpoint '/home/overlord/ece520/assignments/lab11/hardware/webserver_firmware/webserver_firmware.runs/impl_1/webserver_fw_wrapper_opt.dcp' has been generated.
INFO: [runtcl-4] Executing : report_drc -file webserver_fw_wrapper_drc_opted.rpt -pb webserver_fw_wrapper_drc_opted.pb -rpx webserver_fw_wrapper_drc_opted.rpx
Command: report_drc -file webserver_fw_wrapper_drc_opted.rpt -pb webserver_fw_wrapper_drc_opted.pb -rpx webserver_fw_wrapper_drc_opted.rpx
INFO: [IP_Flow 19-1839] IP Catalog is up to date.
INFO: [Timing 38-35] Done setting XDC timing constraints.
INFO: [DRC 23-27] Running DRC with 4 threads
INFO: [Vivado_Tcl 2-168] The results of DRC are in file /home/overlord/ece520/assignments/lab11/hardware/webserver_firmware/webserver_firmware.runs/impl_1/webserver_fw_wrapper_drc_opted.rpt.
report_drc completed successfully
Command: place_design
Attempting to get a license for feature 'Implementation' and/or device 'xc7z010'
INFO: [Common 17-349] Got license for feature 'Implementation' and/or device 'xc7z010'
INFO: [DRC 23-27] Running DRC with 4 threads
INFO: [Vivado_Tcl 4-198] DRC finished with 0 Errors
INFO: [Vivado_Tcl 4-199] Please refer to the DRC report (report_drc) for more information.
Running DRC as a precondition to command place_design
INFO: [DRC 23-27] Running DRC with 4 threads
INFO: [Vivado_Tcl 4-198] DRC finished with 0 Errors
INFO: [Vivado_Tcl 4-199] Please refer to the DRC report (report_drc) for more information.

Starting Placer Task
INFO: [Place 30-611] Multithreading enabled for place_design using a maximum of 4 CPUs

Phase 1 Placer Initialization

Phase 1.1 Placer Initialization Netlist Sorting
Netlist sorting complete. Time (s): cpu = 00:00:00 ; elapsed = 00:00:00 . Memory (MB): peak = 3159.168 ; gain = 0.000 ; free physical = 8203 ; free virtual = 13671
Phase 1.1 Placer Initialization Netlist Sorting | Checksum: 9477fc6b

Time (s): cpu = 00:00:00.01 ; elapsed = 00:00:00.09 . Memory (MB): peak = 3159.168 ; gain = 0.000 ; free physical = 8203 ; free virtual = 13671
Netlist sorting complete. Time (s): cpu = 00:00:00 ; elapsed = 00:00:00 . Memory (MB): peak = 3159.168 ; gain = 0.000 ; free physical = 8203 ; free virtual = 13671

Phase 1.2 IO Placement/ Clock Placement/ Build Placer Device
Phase 1.2 IO Placement/ Clock Placement/ Build Placer Device | Checksum: d910e710

Time (s): cpu = 00:00:00.35 ; elapsed = 00:00:00.42 . Memory (MB): peak = 3159.168 ; gain = 0.000 ; free physical = 8206 ; free virtual = 13674

Phase 1.3 Build Placer Netlist Model
Phase 1.3 Build Placer Netlist Model | Checksum: ff2f2228

Time (s): cpu = 00:00:00.42 ; elapsed = 00:00:00.55 . Memory (MB): peak = 3159.168 ; gain = 0.000 ; free physical = 8206 ; free virtual = 13676

Phase 1.4 Constrain Clocks/Macros
Phase 1.4 Constrain Clocks/Macros | Checksum: ff2f2228

Time (s): cpu = 00:00:00.43 ; elapsed = 00:00:00.61 . Memory (MB): peak = 3159.168 ; gain = 0.000 ; free physical = 8206 ; free virtual = 13676
Phase 1 Placer Initialization | Checksum: ff2f2228

Time (s): cpu = 00:00:00.43 ; elapsed = 00:00:00.61 . Memory (MB): peak = 3159.168 ; gain = 0.000 ; free physical = 8206 ; free virtual = 13676

Phase 2 Final Placement Cleanup
Netlist sorting complete. Time (s): cpu = 00:00:00 ; elapsed = 00:00:00 . Memory (MB): peak = 3159.168 ; gain = 0.000 ; free physical = 8206 ; free virtual = 13676

Time (s): cpu = 00:00:00.43 ; elapsed = 00:00:00.62 . Memory (MB): peak = 3159.168 ; gain = 0.000 ; free physical = 8206 ; free virtual = 13676
INFO: [Place 30-281] No place-able instance is found; design doesn't contain any instance or all instances are placed
Ending Placer Task | Checksum: d910e710

Time (s): cpu = 00:00:00.43 ; elapsed = 00:00:00.62 . Memory (MB): peak = 3159.168 ; gain = 0.000 ; free physical = 8206 ; free virtual = 13676
INFO: [Common 17-83] Releasing license: Implementation
43 Infos, 0 Warnings, 0 Critical Warnings and 0 Errors encountered.
place_design completed successfully
INFO: [Timing 38-480] Writing timing data to binary archive.
Writing placer database...
Writing XDEF routing.
Writing XDEF routing logical nets.
Writing XDEF routing special nets.
Write XDEF Complete: Time (s): cpu = 00:00:00.18 ; elapsed = 00:00:00.05 . Memory (MB): peak = 3159.168 ; gain = 0.000 ; free physical = 8200 ; free virtual = 13673
INFO: [Common 17-1381] The checkpoint '/home/overlord/ece520/assignments/lab11/hardware/webserver_firmware/webserver_firmware.runs/impl_1/webserver_fw_wrapper_placed.dcp' has been generated.
INFO: [runtcl-4] Executing : report_io -file webserver_fw_wrapper_io_placed.rpt
report_io: Time (s): cpu = 00:00:00.16 ; elapsed = 00:00:00.21 . Memory (MB): peak = 3159.168 ; gain = 0.000 ; free physical = 8191 ; free virtual = 13663
INFO: [runtcl-4] Executing : report_utilization -file webserver_fw_wrapper_utilization_placed.rpt -pb webserver_fw_wrapper_utilization_placed.pb
INFO: [runtcl-4] Executing : report_control_sets -verbose -file webserver_fw_wrapper_control_sets_placed.rpt
report_control_sets: Time (s): cpu = 00:00:00.06 ; elapsed = 00:00:00.11 . Memory (MB): peak = 3159.168 ; gain = 0.000 ; free physical = 8202 ; free virtual = 13673
Command: phys_opt_design
Attempting to get a license for feature 'Implementation' and/or device 'xc7z010'
INFO: [Common 17-349] Got license for feature 'Implementation' and/or device 'xc7z010'
INFO: [Vivado_Tcl 4-241] Physical synthesis in post route mode ( 98.5% nets are fully routed)
INFO: [Timing 38-35] Done setting XDC timing constraints.
INFO: [Vivado_Tcl 4-383] Design worst setup slack (WNS) is greater than or equal to 0.000 ns. Skipping all physical synthesis optimizations.
INFO: [Vivado_Tcl 4-232] No setup violation found. The netlist was not modified.
INFO: [Common 17-83] Releasing license: Implementation
54 Infos, 0 Warnings, 0 Critical Warnings and 0 Errors encountered.
phys_opt_design completed successfully
INFO: [Timing 38-480] Writing timing data to binary archive.
Writing placer database...
Writing XDEF routing.
Writing XDEF routing logical nets.
Writing XDEF routing special nets.
Write XDEF Complete: Time (s): cpu = 00:00:00.18 ; elapsed = 00:00:00.05 . Memory (MB): peak = 3159.168 ; gain = 0.000 ; free physical = 8195 ; free virtual = 13669
INFO: [Common 17-1381] The checkpoint '/home/overlord/ece520/assignments/lab11/hardware/webserver_firmware/webserver_firmware.runs/impl_1/webserver_fw_wrapper_physopt.dcp' has been generated.
Command: route_design
Attempting to get a license for feature 'Implementation' and/or device 'xc7z010'
INFO: [Common 17-349] Got license for feature 'Implementation' and/or device 'xc7z010'
Running DRC as a precondition to command route_design
INFO: [DRC 23-27] Running DRC with 4 threads
INFO: [Vivado_Tcl 4-198] DRC finished with 0 Errors
INFO: [Vivado_Tcl 4-199] Please refer to the DRC report (report_drc) for more information.


Starting Routing Task
INFO: [Route 35-254] Multithreading enabled for route_design using a maximum of 4 CPUs

Phase 1 Build RT Design
Checksum: PlaceDB: 84af0060 ConstDB: 0 ShapeSum: 5461e6b0 RouteDB: 0
Post Restoration Checksum: NetGraph: ce5072d0 NumContArr: 8e7a29e4 Constraints: 0 Timing: 0
Phase 1 Build RT Design | Checksum: 15cca9cb4

Time (s): cpu = 00:00:11 ; elapsed = 00:00:10 . Memory (MB): peak = 3159.168 ; gain = 0.000 ; free physical = 8140 ; free virtual = 13613

Phase 2 Router Initialization

Phase 2.1 Create Timer
Phase 2.1 Create Timer | Checksum: 15cca9cb4

Time (s): cpu = 00:00:11 ; elapsed = 00:00:10 . Memory (MB): peak = 3159.168 ; gain = 0.000 ; free physical = 8137 ; free virtual = 13611

Phase 2.2 Fix Topology Constraints
Phase 2.2 Fix Topology Constraints | Checksum: 15cca9cb4

Time (s): cpu = 00:00:11 ; elapsed = 00:00:10 . Memory (MB): peak = 3159.168 ; gain = 0.000 ; free physical = 8120 ; free virtual = 13594

Phase 2.3 Pre Route Cleanup
Phase 2.3 Pre Route Cleanup | Checksum: 15cca9cb4

Time (s): cpu = 00:00:11 ; elapsed = 00:00:10 . Memory (MB): peak = 3159.168 ; gain = 0.000 ; free physical = 8120 ; free virtual = 13594
 Number of Nodes with overlaps = 0

Phase 2.4 Update Timing
Phase 2.4 Update Timing | Checksum: 186b8954d

Time (s): cpu = 00:00:11 ; elapsed = 00:00:10 . Memory (MB): peak = 3159.168 ; gain = 0.000 ; free physical = 8114 ; free virtual = 13588

Router Utilization Summary
  Global Vertical Routing Utilization    = 0 %
  Global Horizontal Routing Utilization  = 0 %
  Routable Net Status*
  *Does not include unroutable nets such as driverless and loadless.
  Run report_route_status for detailed report.
  Number of Failed Nets               = 130
    (Failed Nets is the sum of unrouted and partially routed nets)
  Number of Unrouted Nets             = 130
  Number of Partially Routed Nets     = 0
  Number of Node Overlaps             = 0

Phase 2 Router Initialization | Checksum: 186b8954d

Time (s): cpu = 00:00:11 ; elapsed = 00:00:10 . Memory (MB): peak = 3159.168 ; gain = 0.000 ; free physical = 8114 ; free virtual = 13588

Phase 3 Initial Routing

Phase 3.1 Global Routing
Phase 3.1 Global Routing | Checksum: 186b8954d

Time (s): cpu = 00:00:11 ; elapsed = 00:00:10 . Memory (MB): peak = 3159.168 ; gain = 0.000 ; free physical = 8114 ; free virtual = 13588
 Number of Nodes with overlaps = 0
Phase 3 Initial Routing | Checksum: 1b6bfd3d2

Time (s): cpu = 00:00:11 ; elapsed = 00:00:10 . Memory (MB): peak = 3159.168 ; gain = 0.000 ; free physical = 8113 ; free virtual = 13587

Phase 4 Rip-up And Reroute

Phase 4.1 Global Iteration 0
Phase 4.1 Global Iteration 0 | Checksum: 1b6bfd3d2

Time (s): cpu = 00:00:12 ; elapsed = 00:00:10 . Memory (MB): peak = 3159.168 ; gain = 0.000 ; free physical = 8113 ; free virtual = 13587
Phase 4 Rip-up And Reroute | Checksum: 1b6bfd3d2

Time (s): cpu = 00:00:12 ; elapsed = 00:00:10 . Memory (MB): peak = 3159.168 ; gain = 0.000 ; free physical = 8113 ; free virtual = 13587

Phase 5 Delay and Skew Optimization

Phase 5.1 Delay CleanUp
Phase 5.1 Delay CleanUp | Checksum: 1b6bfd3d2

Time (s): cpu = 00:00:12 ; elapsed = 00:00:10 . Memory (MB): peak = 3159.168 ; gain = 0.000 ; free physical = 8113 ; free virtual = 13587

Phase 5.2 Clock Skew Optimization
Phase 5.2 Clock Skew Optimization | Checksum: 1b6bfd3d2

Time (s): cpu = 00:00:12 ; elapsed = 00:00:10 . Memory (MB): peak = 3159.168 ; gain = 0.000 ; free physical = 8113 ; free virtual = 13587
Phase 5 Delay and Skew Optimization | Checksum: 1b6bfd3d2

Time (s): cpu = 00:00:12 ; elapsed = 00:00:10 . Memory (MB): peak = 3159.168 ; gain = 0.000 ; free physical = 8113 ; free virtual = 13587

Phase 6 Post Hold Fix

Phase 6.1 Hold Fix Iter

Phase 6.1.1 Update Timing
Phase 6.1.1 Update Timing | Checksum: 1b6bfd3d2

Time (s): cpu = 00:00:12 ; elapsed = 00:00:10 . Memory (MB): peak = 3159.168 ; gain = 0.000 ; free physical = 8113 ; free virtual = 13587
Phase 6.1 Hold Fix Iter | Checksum: 1b6bfd3d2

Time (s): cpu = 00:00:12 ; elapsed = 00:00:10 . Memory (MB): peak = 3159.168 ; gain = 0.000 ; free physical = 8113 ; free virtual = 13587
Phase 6 Post Hold Fix | Checksum: 1b6bfd3d2

Time (s): cpu = 00:00:12 ; elapsed = 00:00:10 . Memory (MB): peak = 3159.168 ; gain = 0.000 ; free physical = 8113 ; free virtual = 13587

Phase 7 Route finalize

Router Utilization Summary
  Global Vertical Routing Utilization    = 0 %
  Global Horizontal Routing Utilization  = 0 %
  Routable Net Status*
  *Does not include unroutable nets such as driverless and loadless.
  Run report_route_status for detailed report.
  Number of Failed Nets               = 0
    (Failed Nets is the sum of unrouted and partially routed nets)
  Number of Unrouted Nets             = 0
  Number of Partially Routed Nets     = 0
  Number of Node Overlaps             = 0

Phase 7 Route finalize | Checksum: 1b6bfd3d2

Time (s): cpu = 00:00:12 ; elapsed = 00:00:10 . Memory (MB): peak = 3159.168 ; gain = 0.000 ; free physical = 8113 ; free virtual = 13587

Phase 8 Verifying routed nets

 Verification completed successfully
Phase 8 Verifying routed nets | Checksum: 1b6bfd3d2

Time (s): cpu = 00:00:12 ; elapsed = 00:00:10 . Memory (MB): peak = 3159.168 ; gain = 0.000 ; free physical = 8112 ; free virtual = 13586

Phase 9 Depositing Routes
Phase 9 Depositing Routes | Checksum: 1b6bfd3d2

Time (s): cpu = 00:00:12 ; elapsed = 00:00:10 . Memory (MB): peak = 3177.035 ; gain = 17.867 ; free physical = 8112 ; free virtual = 13586

Phase 10 Post Router Timing
Phase 10 Post Router Timing | Checksum: 1b6bfd3d2

Time (s): cpu = 00:00:12 ; elapsed = 00:00:10 . Memory (MB): peak = 3177.035 ; gain = 17.867 ; free physical = 8112 ; free virtual = 13586
INFO: [Route 35-16] Router Completed Successfully

Time (s): cpu = 00:00:12 ; elapsed = 00:00:10 . Memory (MB): peak = 3177.035 ; gain = 17.867 ; free physical = 8128 ; free virtual = 13602

Routing Is Done.
INFO: [Common 17-83] Releasing license: Implementation
63 Infos, 0 Warnings, 0 Critical Warnings and 0 Errors encountered.
route_design completed successfully
route_design: Time (s): cpu = 00:00:14 ; elapsed = 00:00:11 . Memory (MB): peak = 3177.035 ; gain = 17.867 ; free physical = 8128 ; free virtual = 13602
INFO: [Common 17-600] The following parameters have non-default value.
general.maxThreads
INFO: [Timing 38-480] Writing timing data to binary archive.
Writing placer database...
Writing XDEF routing.
Writing XDEF routing logical nets.
Writing XDEF routing special nets.
Write XDEF Complete: Time (s): cpu = 00:00:00.19 ; elapsed = 00:00:00.05 . Memory (MB): peak = 3177.035 ; gain = 0.000 ; free physical = 8124 ; free virtual = 13600
INFO: [Common 17-1381] The checkpoint '/home/overlord/ece520/assignments/lab11/hardware/webserver_firmware/webserver_firmware.runs/impl_1/webserver_fw_wrapper_routed.dcp' has been generated.
INFO: [runtcl-4] Executing : report_drc -file webserver_fw_wrapper_drc_routed.rpt -pb webserver_fw_wrapper_drc_routed.pb -rpx webserver_fw_wrapper_drc_routed.rpx
Command: report_drc -file webserver_fw_wrapper_drc_routed.rpt -pb webserver_fw_wrapper_drc_routed.pb -rpx webserver_fw_wrapper_drc_routed.rpx
INFO: [IP_Flow 19-1839] IP Catalog is up to date.
INFO: [DRC 23-27] Running DRC with 4 threads
INFO: [Vivado_Tcl 2-168] The results of DRC are in file /home/overlord/ece520/assignments/lab11/hardware/webserver_firmware/webserver_firmware.runs/impl_1/webserver_fw_wrapper_drc_routed.rpt.
report_drc completed successfully
INFO: [runtcl-4] Executing : report_methodology -file webserver_fw_wrapper_methodology_drc_routed.rpt -pb webserver_fw_wrapper_methodology_drc_routed.pb -rpx webserver_fw_wrapper_methodology_drc_routed.rpx
Command: report_methodology -file webserver_fw_wrapper_methodology_drc_routed.rpt -pb webserver_fw_wrapper_methodology_drc_routed.pb -rpx webserver_fw_wrapper_methodology_drc_routed.rpx
INFO: [Timing 38-35] Done setting XDC timing constraints.
INFO: [DRC 23-133] Running Methodology with 4 threads
INFO: [Vivado_Tcl 2-1520] The results of Report Methodology are in file /home/overlord/ece520/assignments/lab11/hardware/webserver_firmware/webserver_firmware.runs/impl_1/webserver_fw_wrapper_methodology_drc_routed.rpt.
report_methodology completed successfully
INFO: [runtcl-4] Executing : report_power -file webserver_fw_wrapper_power_routed.rpt -pb webserver_fw_wrapper_power_summary_routed.pb -rpx webserver_fw_wrapper_power_routed.rpx
Command: report_power -file webserver_fw_wrapper_power_routed.rpt -pb webserver_fw_wrapper_power_summary_routed.pb -rpx webserver_fw_wrapper_power_routed.rpx
INFO: [Timing 38-35] Done setting XDC timing constraints.
Running Vector-less Activity Propagation...

Finished Running Vector-less Activity Propagation
76 Infos, 0 Warnings, 0 Critical Warnings and 0 Errors encountered.
report_power completed successfully
INFO: [runtcl-4] Executing : report_route_status -file webserver_fw_wrapper_route_status.rpt -pb webserver_fw_wrapper_route_status.pb
INFO: [runtcl-4] Executing : report_timing_summary -max_paths 10 -report_unconstrained -file webserver_fw_wrapper_timing_summary_routed.rpt -pb webserver_fw_wrapper_timing_summary_routed.pb -rpx webserver_fw_wrapper_timing_summary_routed.rpx -warn_on_violation 
INFO: [Timing 38-91] UpdateTimingParams: Speed grade: -1, Delay Type: min_max.
INFO: [Timing 38-191] Multithreading enabled for timing update using a maximum of 4 CPUs
INFO: [runtcl-4] Executing : report_incremental_reuse -file webserver_fw_wrapper_incremental_reuse_routed.rpt
INFO: [Vivado_Tcl 4-1062] Incremental flow is disabled. No incremental reuse Info to report.
INFO: [runtcl-4] Executing : report_clock_utilization -file webserver_fw_wrapper_clock_utilization_routed.rpt
INFO: [runtcl-4] Executing : report_bus_skew -warn_on_violation -file webserver_fw_wrapper_bus_skew_routed.rpt -pb webserver_fw_wrapper_bus_skew_routed.pb -rpx webserver_fw_wrapper_bus_skew_routed.rpx
INFO: [Timing 38-91] UpdateTimingParams: Speed grade: -1, Delay Type: min_max.
INFO: [Timing 38-191] Multithreading enabled for timing update using a maximum of 4 CPUs
Command: write_bitstream -force webserver_fw_wrapper.bit
Attempting to get a license for feature 'Implementation' and/or device 'xc7z010'
INFO: [Common 17-349] Got license for feature 'Implementation' and/or device 'xc7z010'
Running DRC as a precondition to command write_bitstream
INFO: [IP_Flow 19-1839] IP Catalog is up to date.
INFO: [DRC 23-27] Running DRC with 4 threads
INFO: [Vivado 12-3199] DRC finished with 0 Errors
INFO: [Vivado 12-3200] Please refer to the DRC report (report_drc) for more information.
INFO: [Designutils 20-2272] Running write_bitstream with 4 threads.
Loading data files...
Loading site data...
Loading route data...
Processing options...
Creating bitmap...
Creating bitstream...
Writing bitstream ./webserver_fw_wrapper.bit...
INFO: [Vivado 12-1842] Bitgen Completed Successfully.
INFO: [Common 17-83] Releasing license: Implementation
11 Infos, 0 Warnings, 0 Critical Warnings and 0 Errors encountered.
write_bitstream completed successfully
write_bitstream: Time (s): cpu = 00:00:09 ; elapsed = 00:00:11 . Memory (MB): peak = 3500.488 ; gain = 294.867 ; free physical = 8114 ; free virtual = 13596
INFO: [Common 17-206] Exiting Vivado at Wed May  4 15:24:38 2022...
